Started by user [8mha:////4HS3CW4pzQSmhOc+rV3OB09AWSTqYWbHG79OP0PnjzscAAAAlx+LCAAAAAAAAP9b85aBtbiIQTGjNKU4P08vOT+vOD8nVc83PyU1x6OyILUoJzMv2y+/JJUBAhiZGBgqihhk0NSjKDWzXb3RdlLBUSYGJk8GtpzUvPSSDB8G5tKinBIGIZ+sxLJE/ZzEvHT94JKizLx0a6BxUmjGOUNodHsLgAy2EgZu/dLi1CL9xJTczDwA9svhPMAAAAA=[0mztlsir
Running as SYSTEM
Building in workspace /var/jenkins_home/workspace/homework
using credential 5afe49a6-f2eb-4a6b-a223-aaae2c83f182
 > /usr/bin/git rev-parse --is-inside-work-tree # timeout=10
Fetching changes from the remote Git repository
 > /usr/bin/git config remote.origin.url https://github.com/ztlsir/Education.git # timeout=10
Cleaning workspace
 > /usr/bin/git rev-parse --verify HEAD # timeout=10
Resetting working tree
 > /usr/bin/git reset --hard # timeout=10
 > /usr/bin/git clean -ffdx # timeout=10
Fetching upstream changes from https://github.com/ztlsir/Education.git
 > /usr/bin/git --version # timeout=10
using GIT_ASKPASS to set credentials 
 > /usr/bin/git fetch --tags --progress -- https://github.com/ztlsir/Education.git +refs/heads/*:refs/remotes/origin/* # timeout=10
 > /usr/bin/git rev-parse refs/remotes/origin/ci^{commit} # timeout=10
 > /usr/bin/git rev-parse refs/remotes/origin/origin/ci^{commit} # timeout=10
Checking out Revision 6b0a72c7702f15e09adde88dbe34c827083ec1af (refs/remotes/origin/ci)
 > /usr/bin/git config core.sparsecheckout # timeout=10
 > /usr/bin/git checkout -f 6b0a72c7702f15e09adde88dbe34c827083ec1af # timeout=10
Commit message: "Merge pull request #7 from ztlsir/master"
 > /usr/bin/git rev-list --no-walk bf1d44d1b30376632f08acc89a317c9b1fe0594e # timeout=10
[homework] $ /bin/sh -xe /tmp/jenkins4430998750948252766.sh
+ cd homework
+ ./gradlew -Pprofile=ci clean build
Starting a Gradle Daemon (subsequent builds will be faster)
> Task :clean UP-TO-DATE
> Task :compileJava
> Task :processResources
> Task :classes
> Task :bootJar
> Task :jar SKIPPED
> Task :assemble
> Task :compileTestJava
> Task :processTestResources NO-SOURCE
> Task :testClasses

> Task :test
02:28:20.688 [SpringContextShutdownHook] DEBUG org.springframework.context.support.GenericApplicationContext - Closing org.springframework.context.support.GenericApplicationContext@7bda0453, started on Sun May 03 02:28:17 UTC 2020

> Task :compileComponentTestJava
> Task :processComponentTestResources
> Task :componentTestClasses
> Task :componentTest
2020-05-03 02:29:40.439  INFO 2408 --- [extShutdownHook] o.s.s.concurrent.ThreadPoolTaskExecutor  : Shutting down ExecutorService 'applicationTaskExecutor'
2020-05-03 02:29:40.447  INFO 2408 --- [extShutdownHook] j.LocalContainerEntityManagerFactoryBean : Closing JPA EntityManagerFactory for persistence unit 'homeworkPersistenceUnit'
2020-05-03 02:29:40.448  INFO 2408 --- [extShutdownHook] j.LocalContainerEntityManagerFactoryBean : Closing JPA EntityManagerFactory for persistence unit 'educationPersistenceUnit'
2020-05-03 02:29:40.449  INFO 2408 --- [extShutdownHook] com.zaxxer.hikari.HikariDataSource       : HikariPool-1 - Shutdown initiated...
2020-05-03 02:29:40.477  INFO 2408 --- [extShutdownHook] com.zaxxer.hikari.HikariDataSource       : HikariPool-1 - Shutdown completed.
2020-05-03 02:29:40.477  INFO 2408 --- [extShutdownHook] com.zaxxer.hikari.HikariDataSource       : HikariPool-2 - Shutdown initiated...
2020-05-03 02:29:47.111  INFO 2408 --- [extShutdownHook] com.zaxxer.hikari.HikariDataSource       : HikariPool-2 - Shutdown completed.

> Task :compileApiTestJava
> Task :processApiTestResources
> Task :apiTestClasses

> Task :mongoTestComposeUp
mongoDB uses an image, skipping
Creating ztlsir-homework-mongodb-test ... 
Creating ztlsir-homework-mongodb-test ... done
Will use 172.18.0.1 (network lan) as host of mongoDB
Probing TCP socket on 172.18.0.1:27016 of service 'ztlsir-homework-mongodb-test'
Waiting for TCP socket on 172.18.0.1:27016 of service 'ztlsir-homework-mongodb-test' (TCP connection on 172.18.0.1:27016 of service 'ztlsir-homework-mongodb-test' was disconnected right after connected)
Waiting for TCP socket on 172.18.0.1:27016 of service 'ztlsir-homework-mongodb-test' (TCP connection on 172.18.0.1:27016 of service 'ztlsir-homework-mongodb-test' was disconnected right after connected)
TCP socket on 172.18.0.1:27016 of service 'ztlsir-homework-mongodb-test' is ready
+------------------------------+----------------+------------------+
| Name                         | Container Port | Mapping          |
+------------------------------+----------------+------------------+
| ztlsir-homework-mongodb-test | 27017          | 172.18.0.1:27016 |
+------------------------------+----------------+------------------+

> Task :apiTest
2020-05-03 02:31:19.264  INFO 2513 --- [extShutdownHook] o.s.s.concurrent.ThreadPoolTaskExecutor  : Shutting down ExecutorService 'applicationTaskExecutor'
2020-05-03 02:31:19.270  INFO 2513 --- [extShutdownHook] j.LocalContainerEntityManagerFactoryBean : Closing JPA EntityManagerFactory for persistence unit 'homeworkPersistenceUnit'
2020-05-03 02:31:19.271  INFO 2513 --- [extShutdownHook] j.LocalContainerEntityManagerFactoryBean : Closing JPA EntityManagerFactory for persistence unit 'educationPersistenceUnit'
2020-05-03 02:31:19.272  INFO 2513 --- [extShutdownHook] com.zaxxer.hikari.HikariDataSource       : HikariPool-1 - Shutdown initiated...
2020-05-03 02:31:19.305  INFO 2513 --- [extShutdownHook] com.zaxxer.hikari.HikariDataSource       : HikariPool-1 - Shutdown completed.
2020-05-03 02:31:19.306  INFO 2513 --- [extShutdownHook] com.zaxxer.hikari.HikariDataSource       : HikariPool-2 - Shutdown initiated...
2020-05-03 02:31:27.551  INFO 2513 --- [extShutdownHook] com.zaxxer.hikari.HikariDataSource       : HikariPool-2 - Shutdown completed.

> Task :checkstyleApiTest
> Task :checkstyleComponentTest
> Task :checkstyleMain
> Task :checkstyleTest
> Task :check
> Task :jacocoAllTestReport
> Task :jacocoAllTestCoverageVerification

> Task :mongoTestComposeDown
Stopping ztlsir-homework-mongodb-test ... 
Stopping ztlsir-homework-mongodb-test ... done
Removing ztlsir-homework-mongodb-test ... 
Removing ztlsir-homework-mongodb-test ... done
Network lan is external, skipping

> Task :build

Deprecated Gradle features were used in this build, making it incompatible with Gradle 7.0.
Use '--warning-mode all' to show the individual deprecation warnings.
See https://docs.gradle.org/6.3/userguide/command_line_interface.html#sec:command_line_warnings

BUILD SUCCESSFUL in 4m 16s
20 actionable tasks: 19 executed, 1 up-to-date
Publishing Coverage report....
A total of 1 reports were found
Code coverage enforcement failed: Line coverage in Report level 'homework: jacocoAllTestReport.xml' is lower than 90.00 stable threshold
Build step 'Publish Coverage Report' changed build result to UNSTABLE
[CheckStyle] [-ERROR-] Parsing of file '/var/jenkins_home/workspace/homework/homework/gradle/checkstyle/checkstyle.xml' failed due to an exception:
[CheckStyle] [-ERROR-] edu.hm.hafner.analysis.ParsingException: Input stream is not a Checkstyle file.
[CheckStyle] [-ERROR-] 	at edu.hm.hafner.analysis.parser.checkstyle.CheckStyleParser.parse(CheckStyleParser.java:47)
[CheckStyle] [-ERROR-] 	at io.jenkins.plugins.analysis.core.model.FilesScanner.aggregateIssuesOfFile(FilesScanner.java:105)
[CheckStyle] [-ERROR-] 	at io.jenkins.plugins.analysis.core.model.FilesScanner.scanFiles(FilesScanner.java:89)
[CheckStyle] [-ERROR-] 	at io.jenkins.plugins.analysis.core.model.FilesScanner.invoke(FilesScanner.java:72)
[CheckStyle] [-ERROR-] 	at io.jenkins.plugins.analysis.core.model.FilesScanner.invoke(FilesScanner.java:30)
[CheckStyle] [-ERROR-] 	at hudson.FilePath.act(FilePath.java:1075)
[CheckStyle] [-ERROR-] 	at hudson.FilePath.act(FilePath.java:1058)
[CheckStyle] [-ERROR-] 	at io.jenkins.plugins.analysis.core.model.ReportScanningTool.scanInWorkspace(ReportScanningTool.java:149)
[CheckStyle] [-ERROR-] 	at io.jenkins.plugins.analysis.core.model.ReportScanningTool.scan(ReportScanningTool.java:131)
[CheckStyle] [-ERROR-] 	at io.jenkins.plugins.analysis.core.steps.IssuesScanner.scan(IssuesScanner.java:101)
[CheckStyle] [-ERROR-] 	at io.jenkins.plugins.analysis.core.steps.IssuesRecorder.scanWithTool(IssuesRecorder.java:666)
[CheckStyle] [-ERROR-] 	at io.jenkins.plugins.analysis.core.steps.IssuesRecorder.record(IssuesRecorder.java:631)
[CheckStyle] [-ERROR-] 	at io.jenkins.plugins.analysis.core.steps.IssuesRecorder.perform(IssuesRecorder.java:602)
[CheckStyle] [-ERROR-] 	at io.jenkins.plugins.analysis.core.steps.IssuesRecorder.perform(IssuesRecorder.java:580)
[CheckStyle] [-ERROR-] 	at hudson.tasks.BuildStepMonitor$1.perform(BuildStepMonitor.java:20)
[CheckStyle] [-ERROR-] 	at hudson.model.AbstractBuild$AbstractBuildExecution.perform(AbstractBuild.java:741)
[CheckStyle] [-ERROR-] 	at hudson.model.AbstractBuild$AbstractBuildExecution.performAllBuildSteps(AbstractBuild.java:690)
[CheckStyle] [-ERROR-] 	at hudson.model.Build$BuildExecution.post2(Build.java:186)
[CheckStyle] [-ERROR-] 	at hudson.model.AbstractBuild$AbstractBuildExecution.post(AbstractBuild.java:635)
[CheckStyle] [-ERROR-] 	at hudson.model.Run.execute(Run.java:1881)
[CheckStyle] [-ERROR-] 	at hudson.model.FreeStyleBuild.run(FreeStyleBuild.java:43)
[CheckStyle] [-ERROR-] 	at hudson.model.ResourceController.execute(ResourceController.java:97)
[CheckStyle] [-ERROR-] 	at hudson.model.Executor.run(Executor.java:428)
[CheckStyle] Searching for all files in '/var/jenkins_home/workspace/homework' that match the pattern 'homework/gradle/checkstyle/checkstyle.xml'
[CheckStyle] -> found 1 file
[CheckStyle] Skipping post processing
[CheckStyle] No filter has been set, publishing all 0 issues
[CheckStyle] No valid reference build found that meets the criteria (NO_JOB_FAILURE - SUCCESSFUL_QUALITY_GATE)
[CheckStyle] All reported issues will be considered outstanding
[CheckStyle] No quality gates have been set - skipping
[CheckStyle] Health report is disabled - skipping
[CheckStyle] Created analysis result for 0 issues (found 0 new issues, fixed 0 issues)
[CheckStyle] Failing build because analysis result contains errors
[CheckStyle] Attaching ResultAction with ID 'checkstyle' to run 'homework #21'.
Build step 'Record compiler warnings and static analysis results' changed build result to FAILURE
Finished: FAILURE
